<?xml version="1.0" encoding="UTF-8"?>
<!-- Generated by org.testng.reporters.JUnitReportReporter -->
<testsuite hostname="home-PC" name="webDriver.NewTestNg" tests="2" failures="0" timestamp="7 Apr 2017 03:11:14 GMT" time="0.044" errors="0">
  <testcase name="f2" time="0.003" classname="webDriver.NewTestNg"/>
  <testcase name="f1" time="0.041" classname="webDriver.NewTestNg"/>
</testsuite> <!-- webDriver.NewTestNg -->
