<?xml version="1.0" encoding="UTF-8"?>
<!-- Generated by org.testng.reporters.JUnitReportReporter -->
<testsuite hostname="home-PC" name="webDriver.NewTestNg2" tests="14" failures="0" timestamp="8 Apr 2017 02:17:27 GMT" time="0.067" errors="0">
  <testcase name="test_method2" time="0.029" classname="webDriver.NewTestNg2"/>
  <testcase name="test_method2" time="0.002" classname="webDriver.NewTestNg2"/>
  <testcase name="test_method2" time="0.006" classname="webDriver.NewTestNg2"/>
  <testcase name="test_method2" time="0.002" classname="webDriver.NewTestNg2"/>
  <testcase name="test_method2" time="0.002" classname="webDriver.NewTestNg2"/>
  <testcase name="test_method2" time="0.002" classname="webDriver.NewTestNg2"/>
  <testcase name="test_method2" time="0.003" classname="webDriver.NewTestNg2"/>
  <testcase name="test_method2" time="0.006" classname="webDriver.NewTestNg2"/>
  <testcase name="test_method2" time="0.002" classname="webDriver.NewTestNg2"/>
  <testcase name="test_method2" time="0.002" classname="webDriver.NewTestNg2"/>
  <testcase name="test_method2" time="0.002" classname="webDriver.NewTestNg2"/>
  <testcase name="test_method2" time="0.002" classname="webDriver.NewTestNg2"/>
  <testcase name="test_method2" time="0.006" classname="webDriver.NewTestNg2"/>
  <testcase name="test_method2" time="0.001" classname="webDriver.NewTestNg2"/>
</testsuite> <!-- webDriver.NewTestNg2 -->
